This is XeTeX, Version 3.141592653-2.6-0.999994 (MiKTeX 23.1) (preloaded format=xelatex 2023.3.10)  8 JUL 2023 10:25
entering extended mode
 restricted \write18 enabled.
 file:line:error style messages enabled.
 %&-line parsing enabled.
**d:/Projects/LaTeX/Sientific-Writing/final-project/main.tex
(d:/Projects/LaTeX/Sientific-Writing/final-project/main.tex
LaTeX2e <2022-11-01> patch level 1
L3 programming layer <2023-02-07> (D:\Program-Files\MiKTeX&Family\MiKTeX\tex/latex/base\article.cls
Document Class: article 2022/07/02 v1.4n Standard LaTeX document class
(D:\Program-Files\MiKTeX&Family\MiKTeX\tex/latex/base\size12.clo
File: size12.clo 2022/07/02 v1.4n Standard LaTeX file (size option)
)
\c@part=\count181
\c@section=\count182
\c@subsection=\count183
\c@subsubsection=\count184
\c@paragraph=\count185
\c@subparagraph=\count186
\c@figure=\count187
\c@table=\count188
\abovecaptionskip=\skip48
\belowcaptionskip=\skip49
\bibindent=\dimen140
) (head.tex (D:\Program-Files\MiKTeX&Family\MiKTeX\tex/latex/graphics\graphicx.sty
Package: graphicx 2021/09/16 v1.2d Enhanced LaTeX Graphics (DPC,SPQR)
 (D:\Program-Files\MiKTeX&Family\MiKTeX\tex/latex/graphics\keyval.sty
Package: keyval 2022/05/29 v1.15 key=value parser (DPC)
\KV@toks@=\toks16
) (D:\Program-Files\MiKTeX&Family\MiKTeX\tex/latex/graphics\graphics.sty
Package: graphics 2022/03/10 v1.4e Standard LaTeX Graphics (DPC,SPQR)
 (D:\Program-Files\MiKTeX&Family\MiKTeX\tex/latex/graphics\trig.sty
Package: trig 2021/08/11 v1.11 sin cos tan (DPC)
) (D:\Program-Files\MiKTeX&Family\MiKTeX\tex/latex/graphics-cfg\graphics.cfg
File: graphics.cfg 2016/06/04 v1.11 sample graphics configuration
)
Package graphics Info: Driver file: xetex.def on input line 107.
 (D:\Program-Files\MiKTeX&Family\MiKTeX\tex/latex/graphics-def\xetex.def
File: xetex.def 2022/09/22 v5.0n Graphics/color driver for xetex
))
\Gin@req@height=\dimen141
\Gin@req@width=\dimen142
) (D:\Program-Files\MiKTeX&Family\MiKTeX\tex/latex/caption\caption.sty
Package: caption 2023/03/12 v3.6j Customizing captions (AR)
 (D:\Program-Files\MiKTeX&Family\MiKTeX\tex/latex/caption\caption3.sty
Package: caption3 2023/03/12 v2.4 caption3 kernel (AR)
\caption@tempdima=\dimen143
\captionmargin=\dimen144
\caption@leftmargin=\dimen145
\caption@rightmargin=\dimen146
\caption@width=\dimen147
\caption@indent=\dimen148
\caption@parindent=\dimen149
\caption@hangindent=\dimen150
Package caption Info: Standard document class detected.
)
\c@caption@flags=\count189
\c@continuedfloat=\count190
) (D:\Program-Files\MiKTeX&Family\MiKTeX\tex/latex/float\float.sty
Package: float 2001/11/08 v1.3d Float enhancements (AL)
\c@float@type=\count191
\float@exts=\toks17
\float@box=\box51
\@float@everytoks=\toks18
\@floatcapt=\box52
) (D:\Program-Files\MiKTeX&Family\MiKTeX\tex/latex/caption\subcaption.sty
Package: subcaption 2023/02/19 v1.6 Sub-captions (AR)
Package caption Info: New subtype `subfigure' on input line 239.
\c@subfigure=\count192
Package caption Info: New subtype `subtable' on input line 239.
\c@subtable=\count193
) (D:\Program-Files\MiKTeX&Family\MiKTeX\tex/latex/amsmath\amsmath.sty
Package: amsmath 2022/04/08 v2.17n AMS math features
\@mathmargin=\skip50

For additional information on amsmath, use the `?' option.
(D:\Program-Files\MiKTeX&Family\MiKTeX\tex/latex/amsmath\amstext.sty
Package: amstext 2021/08/26 v2.01 AMS text
 (D:\Program-Files\MiKTeX&Family\MiKTeX\tex/latex/amsmath\amsgen.sty
File: amsgen.sty 1999/11/30 v2.0 generic functions
\@emptytoks=\toks19
\ex@=\dimen151
)) (D:\Program-Files\MiKTeX&Family\MiKTeX\tex/latex/amsmath\amsbsy.sty
Package: amsbsy 1999/11/29 v1.2d Bold Symbols
\pmbraise@=\dimen152
) (D:\Program-Files\MiKTeX&Family\MiKTeX\tex/latex/amsmath\amsopn.sty
Package: amsopn 2022/04/08 v2.04 operator names
)
\inf@bad=\count194
LaTeX Info: Redefining \frac on input line 234.
\uproot@=\count195
\leftroot@=\count196
LaTeX Info: Redefining \overline on input line 399.
LaTeX Info: Redefining \colon on input line 410.
\classnum@=\count197
\DOTSCASE@=\count198
LaTeX Info: Redefining \ldots on input line 496.
LaTeX Info: Redefining \dots on input line 499.
LaTeX Info: Redefining \cdots on input line 620.
\Mathstrutbox@=\box53
\strutbox@=\box54
LaTeX Info: Redefining \big on input line 722.
LaTeX Info: Redefining \Big on input line 723.
LaTeX Info: Redefining \bigg on input line 724.
LaTeX Info: Redefining \Bigg on input line 725.
\big@size=\dimen153
LaTeX Font Info:    Redeclaring font encoding OML on input line 743.
LaTeX Font Info:    Redeclaring font encoding OMS on input line 744.
\macc@depth=\count199
LaTeX Info: Redefining \bmod on input line 905.
LaTeX Info: Redefining \pmod on input line 910.
LaTeX Info: Redefining \smash on input line 940.
LaTeX Info: Redefining \relbar on input line 970.
LaTeX Info: Redefining \Relbar on input line 971.
\c@MaxMatrixCols=\count266
\dotsspace@=\muskip16
\c@parentequation=\count267
\dspbrk@lvl=\count268
\tag@help=\toks20
\row@=\count269
\column@=\count270
\maxfields@=\count271
\andhelp@=\toks21
\eqnshift@=\dimen154
\alignsep@=\dimen155
\tagshift@=\dimen156
\tagwidth@=\dimen157
\totwidth@=\dimen158
\lineht@=\dimen159
\@envbody=\toks22
\multlinegap=\skip51
\multlinetaggap=\skip52
\mathdisplay@stack=\toks23
LaTeX Info: Redefining \[ on input line 2953.
LaTeX Info: Redefining \] on input line 2954.
) (D:\Program-Files\MiKTeX&Family\MiKTeX\tex/latex/algorithms\algorithm.sty
Invalid UTF-8 byte or sequence at line 11 replaced by U+FFFD.
Package: algorithm 2009/08/24 v0.1 Document Style `algorithm' - floating environment
 (D:\Program-Files\MiKTeX&Family\MiKTeX\tex/latex/base\ifthen.sty
Package: ifthen 2022/04/13 v1.1d Standard LaTeX ifthen package (DPC)
)
\@float@every@algorithm=\toks24
\c@algorithm=\count272
) (D:\Program-Files\MiKTeX&Family\MiKTeX\tex/latex/algorithmicx\algpseudocode.sty
Package: algpseudocode 
 (D:\Program-Files\MiKTeX&Family\MiKTeX\tex/latex/algorithmicx\algorithmicx.sty
Package: algorithmicx 2005/04/27 v1.2 Algorithmicx

Document Style algorithmicx 1.2 - a greatly improved `algorithmic' style
\c@ALG@line=\count273
\c@ALG@rem=\count274
\c@ALG@nested=\count275
\ALG@tlm=\skip53
\ALG@thistlm=\skip54
\c@ALG@Lnr=\count276
\c@ALG@blocknr=\count277
\c@ALG@storecount=\count278
\c@ALG@tmpcounter=\count279
\ALG@tmplength=\skip55
)
Document Style - pseudocode environments for use with the `algorithmicx' style
) (D:\Program-Files\MiKTeX&Family\MiKTeX\tex/latex/hyperref\hyperref.sty
Package: hyperref 2023-02-07 v7.00v Hypertext links for LaTeX
 (D:\Program-Files\MiKTeX&Family\MiKTeX\tex/generic/ltxcmds\ltxcmds.sty
Package: ltxcmds 2020-05-10 v1.25 LaTeX kernel commands for general use (HO)
) (D:\Program-Files\MiKTeX&Family\MiKTeX\tex/generic/iftex\iftex.sty
Package: iftex 2022/02/03 v1.0f TeX engine tests
) (D:\Program-Files\MiKTeX&Family\MiKTeX\tex/generic/pdftexcmds\pdftexcmds.sty
Package: pdftexcmds 2020-06-27 v0.33 Utility functions of pdfTeX for LuaTeX (HO)
 (D:\Program-Files\MiKTeX&Family\MiKTeX\tex/generic/infwarerr\infwarerr.sty
Package: infwarerr 2019/12/03 v1.5 Providing info/warning/error messages (HO)
)
Package pdftexcmds Info: \pdf@primitive is available.
Package pdftexcmds Info: \pdf@ifprimitive is available.
Package pdftexcmds Info: \pdfdraftmode not found.
) (D:\Program-Files\MiKTeX&Family\MiKTeX\tex/latex/kvsetkeys\kvsetkeys.sty
Package: kvsetkeys 2022-10-05 v1.19 Key value parser (HO)
) (D:\Program-Files\MiKTeX&Family\MiKTeX\tex/generic/kvdefinekeys\kvdefinekeys.sty
Package: kvdefinekeys 2019-12-19 v1.6 Define keys (HO)
) (D:\Program-Files\MiKTeX&Family\MiKTeX\tex/generic/pdfescape\pdfescape.sty
Package: pdfescape 2019/12/09 v1.15 Implements pdfTeX's escape features (HO)
) (D:\Program-Files\MiKTeX&Family\MiKTeX\tex/latex/hycolor\hycolor.sty
Package: hycolor 2020-01-27 v1.10 Color options for hyperref/bookmark (HO)
) (D:\Program-Files\MiKTeX&Family\MiKTeX\tex/latex/letltxmacro\letltxmacro.sty
Package: letltxmacro 2019/12/03 v1.6 Let assignment for LaTeX macros (HO)
) (D:\Program-Files\MiKTeX&Family\MiKTeX\tex/latex/auxhook\auxhook.sty
Package: auxhook 2019-12-17 v1.6 Hooks for auxiliary files (HO)
) (D:\Program-Files\MiKTeX&Family\MiKTeX\tex/latex/hyperref\nameref.sty
Package: nameref 2022-05-17 v2.50 Cross-referencing by name of section
 (D:\Program-Files\MiKTeX&Family\MiKTeX\tex/latex/refcount\refcount.sty
Package: refcount 2019/12/15 v3.6 Data extraction from label references (HO)
) (D:\Program-Files\MiKTeX&Family\MiKTeX\tex/generic/gettitlestring\gettitlestring.sty
Package: gettitlestring 2019/12/15 v1.6 Cleanup title references (HO)
 (D:\Program-Files\MiKTeX&Family\MiKTeX\tex/latex/kvoptions\kvoptions.sty
Package: kvoptions 2022-06-15 v3.15 Key value format for package options (HO)
))
\c@section@level=\count280
)
\@linkdim=\dimen160
\Hy@linkcounter=\count281
\Hy@pagecounter=\count282
 (D:\Program-Files\MiKTeX&Family\MiKTeX\tex/latex/hyperref\pd1enc.def
File: pd1enc.def 2023-02-07 v7.00v Hyperref: PDFDocEncoding definition (HO)
) (D:\Program-Files\MiKTeX&Family\MiKTeX\tex/generic/intcalc\intcalc.sty
Package: intcalc 2019/12/15 v1.3 Expandable calculations with integers (HO)
) (D:\Program-Files\MiKTeX&Family\MiKTeX\tex/generic/etexcmds\etexcmds.sty
Package: etexcmds 2019/12/15 v1.7 Avoid name clashes with e-TeX commands (HO)
)
\Hy@SavedSpaceFactor=\count283
 (D:\Program-Files\MiKTeX&Family\MiKTeX\tex/latex/hyperref\puenc.def
File: puenc.def 2023-02-07 v7.00v Hyperref: PDF Unicode definition (HO)
)
Package hyperref Info: Hyper figures OFF on input line 4177.
Package hyperref Info: Link nesting OFF on input line 4182.
Package hyperref Info: Hyper index ON on input line 4185.
Package hyperref Info: Plain pages OFF on input line 4192.
Package hyperref Info: Backreferencing OFF on input line 4197.
Package hyperref Info: Implicit mode ON; LaTeX internals redefined.
Package hyperref Info: Bookmarks ON on input line 4425.
\c@Hy@tempcnt=\count284
 (D:\Program-Files\MiKTeX&Family\MiKTeX\tex/latex/url\url.sty
\Urlmuskip=\muskip17
Package: url 2013/09/16  ver 3.4  Verb mode for urls, etc.
)
LaTeX Info: Redefining \url on input line 4763.
\XeTeXLinkMargin=\dimen161
 (D:\Program-Files\MiKTeX&Family\MiKTeX\tex/generic/bitset\bitset.sty
Package: bitset 2019/12/09 v1.3 Handle bit-vector datatype (HO)
 (D:\Program-Files\MiKTeX&Family\MiKTeX\tex/generic/bigintcalc\bigintcalc.sty
Package: bigintcalc 2019/12/15 v1.5 Expandable calculations on big integers (HO)
))
\Fld@menulength=\count285
\Field@Width=\dimen162
\Fld@charsize=\dimen163
Package hyperref Info: Hyper figures OFF on input line 6042.
Package hyperref Info: Link nesting OFF on input line 6047.
Package hyperref Info: Hyper index ON on input line 6050.
Package hyperref Info: backreferencing OFF on input line 6057.
Package hyperref Info: Link coloring OFF on input line 6062.
Package hyperref Info: Link coloring with OCG OFF on input line 6067.
Package hyperref Info: PDF/A mode OFF on input line 6072.
 (D:\Program-Files\MiKTeX&Family\MiKTeX\tex/latex/base\atbegshi-ltx.sty
Package: atbegshi-ltx 2021/01/10 v1.0c Emulation of the original atbegshi
package with kernel methods
)
\Hy@abspage=\count286
\c@Item=\count287
\c@Hfootnote=\count288
)
Package hyperref Info: Driver (autodetected): hxetex.
 (D:\Program-Files\MiKTeX&Family\MiKTeX\tex/latex/hyperref\hxetex.def
File: hxetex.def 2023-02-07 v7.00v Hyperref driver for XeTeX
 (D:\Program-Files\MiKTeX&Family\MiKTeX\tex/generic/stringenc\stringenc.sty
Package: stringenc 2019/11/29 v1.12 Convert strings between diff. encodings (HO)
)
\pdfm@box=\box55
\c@Hy@AnnotLevel=\count289
\HyField@AnnotCount=\count290
\Fld@listcount=\count291
\c@bookmark@seq@number=\count292
 (D:\Program-Files\MiKTeX&Family\MiKTeX\tex/latex/rerunfilecheck\rerunfilecheck.sty
Package: rerunfilecheck 2022-07-10 v1.10 Rerun checks for auxiliary files (HO)
 (D:\Program-Files\MiKTeX&Family\MiKTeX\tex/latex/base\atveryend-ltx.sty
Package: atveryend-ltx 2020/08/19 v1.0a Emulation of the original atveryend package
with kernel methods
) (D:\Program-Files\MiKTeX&Family\MiKTeX\tex/generic/uniquecounter\uniquecounter.sty
Package: uniquecounter 2019/12/15 v1.4 Provide unlimited unique counter (HO)
)
Package uniquecounter Info: New unique counter `rerunfilecheck' on input line 285.
)
\Hy@SectionHShift=\skip56
) (D:\Program-Files\MiKTeX&Family\MiKTeX\tex/latex/cleveref\cleveref.sty
Package: cleveref 2018/03/27 v0.21.4 Intelligent cross-referencing
Package cleveref Info: `hyperref' support loaded on input line 2370.
LaTeX Info: Redefining \cref on input line 2370.
LaTeX Info: Redefining \Cref on input line 2370.
LaTeX Info: Redefining \crefrange on input line 2370.
LaTeX Info: Redefining \Crefrange on input line 2370.
LaTeX Info: Redefining \cpageref on input line 2370.
LaTeX Info: Redefining \Cpageref on input line 2370.
LaTeX Info: Redefining \cpagerefrange on input line 2370.
LaTeX Info: Redefining \Cpagerefrange on input line 2370.
LaTeX Info: Redefining \labelcref on input line 2370.
LaTeX Info: Redefining \labelcpageref on input line 2370.
Package cleveref Info: `algorithmicx' support loaded on input line 3120.
Package cleveref Info: include cross-reference names in hyperlinks on input line 7836.
Package cleveref Info: include cross-reference names in hyperlinks on input line 7852.
) (D:\Program-Files\MiKTeX&Family\MiKTeX\tex/xelatex/xepersian\xepersian.sty
Package: xepersian 2022/10/30 v24.8 (Release Women, Life, and Freedom) Persian typesetting in XeLaTeX
 (D:\Program-Files\MiKTeX&Family\MiKTeX\tex/latex/fontspec\fontspec.sty (D:\Program-Files\MiKTeX&Family\MiKTeX\tex/latex/l3packages/xparse\xparse.sty (D:\Program-Files\MiKTeX&Family\MiKTeX\tex/latex/l3kernel\expl3.sty
Package: expl3 2023-02-07 L3 programming layer (loader) 
 (D:\Program-Files\MiKTeX&Family\MiKTeX\tex/latex/l3backend\l3backend-xetex.def
File: l3backend-xetex.def 2023-01-16 L3 backend support: XeTeX
\g__graphics_track_int=\count293
\l__pdf_internal_box=\box56
\g__pdf_backend_object_int=\count294
\g__pdf_backend_annotation_int=\count295
\g__pdf_backend_link_int=\count296
))
Package: xparse 2023-01-16 L3 Experimental document command parser
)
Package: fontspec 2022/01/15 v2.8a Font selection for XeLaTeX and LuaLaTeX
 (D:\Program-Files\MiKTeX&Family\MiKTeX\tex/latex/fontspec\fontspec-xetex.sty
Package: fontspec-xetex 2022/01/15 v2.8a Font selection for XeLaTeX and LuaLaTeX
\l__fontspec_script_int=\count297
\l__fontspec_language_int=\count298
\l__fontspec_strnum_int=\count299
\l__fontspec_tmp_int=\count300
\l__fontspec_tmpa_int=\count301
\l__fontspec_tmpb_int=\count302
\l__fontspec_tmpc_int=\count303
\l__fontspec_em_int=\count304
\l__fontspec_emdef_int=\count305
\l__fontspec_strong_int=\count306
\l__fontspec_strongdef_int=\count307
\l__fontspec_tmpa_dim=\dimen164
\l__fontspec_tmpb_dim=\dimen165
\l__fontspec_tmpc_dim=\dimen166
 (D:\Program-Files\MiKTeX&Family\MiKTeX\tex/latex/base\fontenc.sty
Package: fontenc 2021/04/29 v2.0v Standard LaTeX package
) (D:\Program-Files\MiKTeX&Family\MiKTeX\tex/latex/fontspec\fontspec.cfg))) (D:\Program-Files\MiKTeX&Family\MiKTeX\tex/xelatex/xepersian\xepersian-persiancal.sty
Package: xepersian-persiancal 2012/07/25 v0.2 provides Persian calendar
\XePersian@i=\count308
\XePersian@y=\count309
\XePersian@m=\count310
\XePersian@d=\count311
\XePersian@latini=\count312
\XePersian@persiani=\count313
\XePersian@latinii=\count314
\XePersian@persianii=\count315
\XePersian@latiniii=\count316
\XePersian@persianiii=\count317
\XePersian@latiniv=\count318
\XePersian@persianiv=\count319
\XePersian@latinv=\count320
\XePersian@persianv=\count321
\XePersian@latinvi=\count322
\XePersian@persianvi=\count323
\XePersian@latinvii=\count324
\XePersian@persianvii=\count325
\XePersian@latinviii=\count326
\XePersian@persianviii=\count327
\XePersian@latinix=\count328
\XePersian@persianix=\count329
\XePersian@latinx=\count330
\XePersian@persianx=\count331
\XePersian@latinxi=\count332
\XePersian@persianxi=\count333
\XePersian@latinxii=\count334
\XePersian@persianxii=\count335
\XePersian@persianxiii=\count336
\XePersian@temp=\count337
\XePersian@temptwo=\count338
\XePersian@tempthree=\count339
\XePersian@yModHundred=\count340
\XePersian@thirtytwo=\count341
\XePersian@dn=\count342
\XePersian@sn=\count343
\XePersian@mminusone=\count344
) (D:\Program-Files\MiKTeX&Family\MiKTeX\tex/xelatex/xepersian\xepersian-mathdigitspec.sty
Package: xepersian-mathdigitspec 2022/05/20 v1.2.0 Unicode Persian math digits in XeLaTeX
) (D:\Program-Files\MiKTeX&Family\MiKTeX\tex/xelatex/bidi\bidi.sty
Package: bidi 2023/01/18 v39.7 (Release Serge Lang) Bidirectional typesetting in plain TeX and LaTeX

****************************************************
* 
* bidi package (Bidirectional typesetting in
* plain TeX and LaTeX, using XeTeX engine)
* 
* Description: A convenient interface for
* typesetting bidirectional texts in plain TeX
* and LaTeX. The package includes adaptations
* for use with many other commonly-used packages.
* 
* Copyright (c) 2007--2023 Vafa Khalighi
* Copyright (c) 2018--2020 bidi-tex GitHub organization
* 
* v39.7 (Release Serge Lang), 2023/01/18
* 
* License: LaTeX Project Public License, version
* 1.3c or higher (your choice)
* 
* Location on CTAN: /macros/xetex/latex/bidi
* 
* Issue tracker: https://github.com/kvafa/bidi/issues
* 
* Discussions: https://github.com/kvafa/bidi/discussions
* 
* Primary author of bidi package: Vafa Khalighi.
* 
****************************************************
(D:\Program-Files\MiKTeX&Family\MiKTeX\tex/xelatex/bidi\biditools.sty
Package: biditools 2022/06/15 v2.3 Programming tools for bidi package
\@bidi@envbody=\toks25
\@bidi@emptytoks=\toks26
\bidi@poscount=\count345
\bidi@tempcountb=\count346
\bidi@temptoksa=\toks27
\bidi@temptoksb=\toks28
\bidi@dummies=\count347
\bidi@are@these@correct=\toks29
\bidi@toks@lista=\toks30
\bidi@toks@listb=\toks31
\bidi@stack@length=\count348
\bidi@empty@stack=\toks32
\bidi@looprepeat@depth=\count349
) (D:\Program-Files\MiKTeX&Family\MiKTeX\tex/latex/zref\zref-abspage.sty
Package: zref-abspage 2022-04-07 v2.34 Module abspage for zref (HO)
 (D:\Program-Files\MiKTeX&Family\MiKTeX\tex/latex/zref\zref-base.sty
Package: zref-base 2022-04-07 v2.34 Module base for zref (HO)
Package zref Info: New property list: main on input line 767.
Package zref Info: New property: default on input line 768.
Package zref Info: New property: page on input line 769.
)
\c@abspage=\count350
Package zref Info: New property: abspage on input line 65.
) (D:\Program-Files\MiKTeX&Family\MiKTeX\tex/latex/xkeyval\xkeyval.sty
Package: xkeyval 2022/06/16 v2.9 package option processing (HA)
 (D:\Program-Files\MiKTeX&Family\MiKTeX\tex/generic/xkeyval\xkeyval.tex (D:\Program-Files\MiKTeX&Family\MiKTeX\tex/generic/xkeyval\xkvutils.tex
\XKV@toks=\toks33
\XKV@tempa@toks=\toks34
)
\XKV@depth=\count351
File: xkeyval.tex 2014/12/03 v2.7a key=value parser (HA)
))
\@bidi@copyins@=\insert252
 (D:\Program-Files\MiKTeX&Family\MiKTeX\tex/xelatex/bidi\latex-xetex-bidi.def
File: latex-xetex-bidi.def 2022/07/04 v1.4.9 bidi adaptations for `latex.ltx' for XeTeX engine
\bidi@n@everypar=\toks35
\bidi@column@check@number=\count352
 (D:\Program-Files\MiKTeX&Family\MiKTeX\tex/xelatex/bidi\footnote-xetex-bidi.def
File: footnote-xetex-bidi.def 2023/01/18 v1.2 bidi footnote macros for XeTeX engine
\c@footdir@label=\count353
\footdir@toks=\toks36
) (D:\Program-Files\MiKTeX&Family\MiKTeX\tex/xelatex/bidi\article-xetex-bidi.def
File: article-xetex-bidi.def 2017/06/09 v0.6 bidi adaptations for standard article class for XeTeX engine
) (D:\Program-Files\MiKTeX&Family\MiKTeX\tex/xelatex/bidi\amsmath-xetex-bidi.def
File: amsmath-xetex-bidi.def 2020/05/16 v1.2 bidi adaptations for amsmath package for XeTeX engine
) (D:\Program-Files\MiKTeX&Family\MiKTeX\tex/xelatex/bidi\amstext-xetex-bidi.def
File: amstext-xetex-bidi.def 2016/09/12 v0.2 bidi adaptations for amstext package for XeTeX engine
) (D:\Program-Files\MiKTeX&Family\MiKTeX\tex/xelatex/bidi\caption-xetex-bidi.def
File: caption-xetex-bidi.def 2010/07/25 v0.1 bidi adaptations for caption package for XeTeX engine
) (D:\Program-Files\MiKTeX&Family\MiKTeX\tex/xelatex/bidi\caption3-xetex-bidi.def
File: caption3-xetex-bidi.def 2013/04/01 v0.1 bidi adaptations for caption3 package for XeTeX engine
) (D:\Program-Files\MiKTeX&Family\MiKTeX\tex/xelatex/bidi\float-xetex-bidi.def
File: float-xetex-bidi.def 2013/04/04 v0.2 bidi adaptations for float package for XeTeX engine
) (D:\Program-Files\MiKTeX&Family\MiKTeX\tex/xelatex/bidi\graphicx-xetex-bidi.def
File: graphicx-xetex-bidi.def 2017/06/17 v0.5 bidi adaptations for graphicx package for XeTeX engine
) (D:\Program-Files\MiKTeX&Family\MiKTeX\tex/xelatex/bidi\hyperref-xetex-bidi.def
File: hyperref-xetex-bidi.def 2018/11/11 v1.1 bidi adaptations for hyperref package for XeTeX engine
)) (D:\Program-Files\MiKTeX&Family\MiKTeX\tex/xelatex/bidi\loadingorder-xetex-bidi.def
File: loadingorder-xetex-bidi.def 2017/12/29 v0.97 making sure that bidi is the last package loaded
)
\bidi@digits=\count354
\bidi@digits@charclass=\XeTeXcharclass1
\bidi@sepmark@charclass=\XeTeXcharclass2
)
****************************************************
* 
* xepersian package (Persian for LaTeX, using XeTeX engine)
* 
* Description: The package supports Persian
* typesetting, using fonts provided in the
* distribution.
* 
* Copyright (c) 2008--2022 Vafa Khalighi
* Copyright (c) 2018--2020 bidi-tex GitHub Organization
* 
* v24.8 (Release Women, Life, and Freedom), 2022/10/30
* 
* License: LaTeX Project Public License, version
* 1.3c or higher (your choice)
* 
* Location on CTAN: /macros/xetex/latex/xepersian
* 
* Issue tracker: https://github.com/kvafa/xepersian/issues
* 
* Discussions: https://github.com/kvafa/xepersian/discussions
* 
* Primary author of xepersian package: Vafa Khalighi.
* 
****************************************************
\xepersian@tcl=\count355
\xepersian@ilg=\dimen167
\xepersian@strutilg=\dimen168
(D:\Program-Files\MiKTeX&Family\MiKTeX\tex/xelatex/xepersian\loadingorder-xepersian.def
File: loadingorder-xepersian.def 2018/09/29 v0.5 making sure that xepersian is the last package loaded
) (D:\Program-Files\MiKTeX&Family\MiKTeX\tex/xelatex/xepersian\footnote-xepersian.def
File: footnote-xepersian.def 2017/08/09 v0.6 footnote macros for xepersian package
) (D:\Program-Files\MiKTeX&Family\MiKTeX\tex/xelatex/xepersian\algorithm-xepersian.def
File: algorithm-xepersian.def 2010/07/25 v0.2 adaptations for algorithm package
) (D:\Program-Files\MiKTeX&Family\MiKTeX\tex/xelatex/xepersian\hyperref-xepersian.def
File: hyperref-xepersian.def 2022/10/30 v0.8 xepersian adaptations for hyperref package
) (D:\Program-Files\MiKTeX&Family\MiKTeX\tex/xelatex/xepersian\url-xepersian.def
File: url-xepersian.def 2022/02/18 v0.1 adaptations for url package
) (D:\Program-Files\MiKTeX&Family\MiKTeX\tex/xelatex/xepersian\article-xepersian.def
File: article-xepersian.def 2010/07/25 v0.2 adaptations for standard article class
)

Package fontspec Info: Font family 'lmroman10-regular(0)' created for font
(fontspec)             'lmroman10-regular' with options
(fontspec)             [Ligatures=TeX,Path,BoldFont={lmroman10-bold},BoldItalicFont={lmroman10-bolditalic},ItalicFont={lmroman10-italic},SmallCapsFont={lmromancaps10-regular},SlantedFont={lmromanslant10-regular},BoldSlantedFont={lmromanslant10-bold}].
(fontspec)              
(fontspec)              This font family consists of the following NFSS
(fontspec)             series/shapes:
(fontspec)              
(fontspec)             - 'normal' (m/n) with NFSS spec.:
(fontspec)             <->"[lmroman10-regular]/OT:script=latn;language=dflt;mapping=tex-text;"
(fontspec)             - 'small caps'  (m/sc) with NFSS spec.:
(fontspec)             <->"[lmromancaps10-regular]/OT:script=latn;language=dflt;mapping=tex-text;"
(fontspec)             - 'bold' (b/n) with NFSS spec.:
(fontspec)             <->"[lmroman10-bold]/OT:script=latn;language=dflt;mapping=tex-text;"
(fontspec)             - 'bold small caps'  (b/sc) with NFSS spec.:
(fontspec)             <->"[lmromancaps10-regular]/OT:script=latn;language=dflt;mapping=tex-text;"
(fontspec)             - 'italic' (m/it) with NFSS spec.:
(fontspec)             <->"[lmroman10-italic]/OT:script=latn;language=dflt;mapping=tex-text;"
(fontspec)             - 'italic small caps'  (m/scit) with NFSS spec.:
(fontspec)             <->"[lmromancaps10-regular]/OT:script=latn;language=dflt;mapping=tex-text;"
(fontspec)             - 'slanted' (m/sl) with NFSS spec.:
(fontspec)             <->"[lmromanslant10-regular]/OT:script=latn;language=dflt;mapping=tex-text;"
(fontspec)             - 'slanted small caps'  (m/scsl) with NFSS spec.:
(fontspec)             <->"[lmromancaps10-regular]/OT:script=latn;language=dflt;mapping=tex-text;"
(fontspec)             - 'bold italic' (b/it) with NFSS spec.:
(fontspec)             <->"[lmroman10-bolditalic]/OT:script=latn;language=dflt;mapping=tex-text;"
(fontspec)             - 'bold italic small caps'  (b/scit) with NFSS spec.:
(fontspec)             <->"[lmromancaps10-regular]/OT:script=latn;language=dflt;mapping=tex-text;"
(fontspec)             - 'bold slanted' (b/sl) with NFSS spec.:
(fontspec)             <->"[lmromanslant10-bold]/OT:script=latn;language=dflt;mapping=tex-text;"
(fontspec)             - 'bold slanted small caps'  (b/scsl) with NFSS spec.:
(fontspec)             <->"[lmromancaps10-regular]/OT:script=latn;language=dflt;mapping=tex-text;"

)

Package fontspec Info: Font family 'XBZar(0)' created for font 'XB Zar' with
(fontspec)             options
(fontspec)             [RawFeature={script=arab},Ligatures=PersianTeX,Path=./fonts/,Scale=1.2,Extension=.TTF,UprightFont=*,ItalicFont=*It,BoldFont=*Bd,BoldItalicFont=*BdIt].
(fontspec)              
(fontspec)              This font family consists of the following NFSS
(fontspec)             series/shapes:
(fontspec)              
(fontspec)             - 'normal' (m/n) with NFSS spec.:
(fontspec)             <->s*[1.2]"[./fonts/XB
(fontspec)             Zar.TTF]/OT:script=latn;language=dflt;script=arab;mapping=persian-tex-text;"
(fontspec)             - 'small caps'  (m/sc) with NFSS spec.: 
(fontspec)             - 'bold' (b/n) with NFSS spec.: <->s*[1.2]"[./fonts/XB
(fontspec)             ZarBd.TTF]/OT:script=latn;language=dflt;script=arab;mapping=persian-tex-text;"
(fontspec)             - 'bold small caps'  (b/sc) with NFSS spec.: 
(fontspec)             - 'italic' (m/it) with NFSS spec.:
(fontspec)             <->s*[1.2]"[./fonts/XB
(fontspec)             ZarIt.TTF]/OT:script=latn;language=dflt;script=arab;mapping=persian-tex-text;"
(fontspec)             - 'italic small caps'  (m/scit) with NFSS spec.: 
(fontspec)             - 'bold italic' (b/it) with NFSS spec.:
(fontspec)             <->s*[1.2]"[./fonts/XB
(fontspec)             ZarBdIt.TTF]/OT:script=latn;language=dflt;script=arab;mapping=persian-tex-text;"
(fontspec)             - 'bold italic small caps'  (b/scit) with NFSS spec.: 

LaTeX Font Info:    Font shape `TU/XBZar(0)/m/n' will be
(Font)              scaled to size 14.39996pt on input line 52.

Package fontspec Info: Font family 'XBZar(1)' created for font 'XB Zar' with
(fontspec)             options
(fontspec)             [Ligatures=PersianTeX,Path=./fonts/,Scale=1.2,Extension=.TTF,UprightFont=*,ItalicFont=*It,BoldFont=*Bd,BoldItalicFont=*BdIt].
(fontspec)              
(fontspec)              This font family consists of the following NFSS
(fontspec)             series/shapes:
(fontspec)              
(fontspec)             - 'normal' (m/n) with NFSS spec.:
(fontspec)             <->s*[1.2]"[./fonts/XB
(fontspec)             Zar.TTF]/OT:script=latn;language=dflt;mapping=persian-tex-text;"
(fontspec)             - 'small caps'  (m/sc) with NFSS spec.: 
(fontspec)             - 'bold' (b/n) with NFSS spec.: <->s*[1.2]"[./fonts/XB
(fontspec)             ZarBd.TTF]/OT:script=latn;language=dflt;mapping=persian-tex-text;"
(fontspec)             - 'bold small caps'  (b/sc) with NFSS spec.: 
(fontspec)             - 'italic' (m/it) with NFSS spec.:
(fontspec)             <->s*[1.2]"[./fonts/XB
(fontspec)             ZarIt.TTF]/OT:script=latn;language=dflt;mapping=persian-tex-text;"
(fontspec)             - 'italic small caps'  (m/scit) with NFSS spec.: 
(fontspec)             - 'bold italic' (b/it) with NFSS spec.:
(fontspec)             <->s*[1.2]"[./fonts/XB
(fontspec)             ZarBdIt.TTF]/OT:script=latn;language=dflt;mapping=persian-tex-text;"
(fontspec)             - 'bold italic small caps'  (b/scit) with NFSS spec.: 

Package xepersian-mathdigitspec Info: DefiningthedefaultPersianmathdigitsfontas'XB Zar' on input line 62.
\symOPERATORS=\mathgroup4
\symnew@mathbf@font@digits=\mathgroup5
\symnew@mathit@font@digits=\mathgroup6
\symnew@mathrm@font@digits=\mathgroup7

Package fontspec Info: Font family 'TimesNewRoman(0)' created for font 'Times
(fontspec)             New Roman' with options [Ligatures=TeX,Scale=1.1].
(fontspec)              
(fontspec)              This font family consists of the following NFSS
(fontspec)             series/shapes:
(fontspec)              
(fontspec)             - 'normal' (m/n) with NFSS spec.: <->s*[1.1]"Times New
(fontspec)             Roman/OT:script=latn;language=dflt;mapping=tex-text;"
(fontspec)             - 'small caps'  (m/sc) with NFSS spec.:
(fontspec)             <->s*[1.1]"Times New
(fontspec)             Roman/OT:script=latn;language=dflt;+smcp;mapping=tex-text;"
(fontspec)             - 'bold' (b/n) with NFSS spec.: <->s*[1.1]"Times New
(fontspec)             Roman/B/OT:script=latn;language=dflt;mapping=tex-text;"
(fontspec)             - 'bold small caps'  (b/sc) with NFSS spec.:
(fontspec)             <->s*[1.1]"Times New
(fontspec)             Roman/B/OT:script=latn;language=dflt;+smcp;mapping=tex-text;"
(fontspec)             - 'italic' (m/it) with NFSS spec.: <->s*[1.1]"Times New
(fontspec)             Roman/I/OT:script=latn;language=dflt;mapping=tex-text;"
(fontspec)             - 'italic small caps'  (m/scit) with NFSS spec.:
(fontspec)             <->s*[1.1]"Times New
(fontspec)             Roman/I/OT:script=latn;language=dflt;+smcp;mapping=tex-text;"
(fontspec)             - 'bold italic' (b/it) with NFSS spec.:
(fontspec)             <->s*[1.1]"Times New
(fontspec)             Roman/BI/OT:script=latn;language=dflt;mapping=tex-text;"
(fontspec)             - 'bold italic small caps'  (b/scit) with NFSS spec.:
(fontspec)             <->s*[1.1]"Times New
(fontspec)             Roman/BI/OT:script=latn;language=dflt;+smcp;mapping=tex-text;"

LaTeX Info: Redefining \latinfont on input line 65.
)
\c@remark=\count356
\c@example=\count357
 (main.aux)
\openout1 = `main.aux'.

LaTeX Font Info:    Checking defaults for OML/cmm/m/it on input line 12.
LaTeX Font Info:    ... okay on input line 12.
LaTeX Font Info:    Checking defaults for OMS/cmsy/m/n on input line 12.
LaTeX Font Info:    ... okay on input line 12.
LaTeX Font Info:    Checking defaults for OT1/cmr/m/n on input line 12.
LaTeX Font Info:    ... okay on input line 12.
LaTeX Font Info:    Checking defaults for T1/cmr/m/n on input line 12.
LaTeX Font Info:    ... okay on input line 12.
LaTeX Font Info:    Checking defaults for TS1/cmr/m/n on input line 12.
LaTeX Font Info:    Trying to load font information for TS1+cmr on input line 12.
 (D:\Program-Files\MiKTeX&Family\MiKTeX\tex/latex/base\ts1cmr.fd
File: ts1cmr.fd 2022/07/10 v2.5l Standard LaTeX font definitions
)
LaTeX Font Info:    ... okay on input line 12.
LaTeX Font Info:    Checking defaults for TU/lmr/m/n on input line 12.
LaTeX Font Info:    ... okay on input line 12.
LaTeX Font Info:    Checking defaults for OMX/cmex/m/n on input line 12.
LaTeX Font Info:    ... okay on input line 12.
LaTeX Font Info:    Checking defaults for U/cmr/m/n on input line 12.
LaTeX Font Info:    ... okay on input line 12.
LaTeX Font Info:    Checking defaults for PD1/pdf/m/n on input line 12.
LaTeX Font Info:    ... okay on input line 12.
LaTeX Font Info:    Checking defaults for PU/pdf/m/n on input line 12.
LaTeX Font Info:    ... okay on input line 12.
Package caption Info: Begin \AtBeginDocument code.
Package caption Info: float package is loaded.
Package caption Info: hyperref package is loaded.
Package caption Info: End \AtBeginDocument code.
Package hyperref Info: Link coloring OFF on input line 12.
 (main.out) (main.out)
\@outlinefile=\write3
\openout3 = `main.out'.

LaTeX Font Info:    Font shape `TU/XBZar(0)/m/n' will be
(Font)              scaled to size 24.88794pt on input line 14.
LaTeX Font Info:    Font shape `TU/XBZar(0)/m/n' will be
(Font)              scaled to size 17.27994pt on input line 14.
LaTeX Font Info:    Font shape `TU/XBZar(1)/m/n' will be
(Font)              scaled to size 17.27994pt on input line 14.
LaTeX Font Info:    Font shape `TU/XBZar(1)/m/n' will be
(Font)              scaled to size 11.99997pt on input line 14.
LaTeX Font Info:    Font shape `TU/XBZar(1)/m/n' will be
(Font)              scaled to size 8.39998pt on input line 14.
LaTeX Font Info:    Font shape `TU/XBZar(1)/bx/n' in size <14.4> not available
(Font)              Font shape `TU/XBZar(1)/b/n' tried instead on input line 14.
LaTeX Font Info:    Font shape `TU/XBZar(1)/b/n' will be
(Font)              scaled to size 17.27994pt on input line 14.
LaTeX Font Info:    Font shape `TU/XBZar(1)/bx/n' in size <10> not available
(Font)              Font shape `TU/XBZar(1)/b/n' tried instead on input line 14.
LaTeX Font Info:    Font shape `TU/XBZar(1)/b/n' will be
(Font)              scaled to size 11.99997pt on input line 14.
LaTeX Font Info:    Font shape `TU/XBZar(1)/bx/n' in size <7> not available
(Font)              Font shape `TU/XBZar(1)/b/n' tried instead on input line 14.
LaTeX Font Info:    Font shape `TU/XBZar(1)/b/n' will be
(Font)              scaled to size 8.39998pt on input line 14.
LaTeX Font Info:    Font shape `TU/XBZar(1)/m/it' will be
(Font)              scaled to size 17.27994pt on input line 14.
LaTeX Font Info:    Font shape `TU/XBZar(1)/m/it' will be
(Font)              scaled to size 11.99997pt on input line 14.
LaTeX Font Info:    Font shape `TU/XBZar(1)/m/it' will be
(Font)              scaled to size 8.39998pt on input line 14.
LaTeX Font Info:    Font shape `TU/XBZar(1)/m/n' will be
(Font)              scaled to size 14.39996pt on input line 16.
 [1

]
LaTeX Font Info:    Font shape `TU/XBZar(0)/m/n' will be
(Font)              scaled to size 20.73593pt on input line 17.
LaTeX Font Info:    Font shape `TU/XBZar(0)/b/n' will be
(Font)              scaled to size 20.73593pt on input line 17.
LaTeX Font Info:    Font shape `TU/XBZar(1)/b/n' will be
(Font)              scaled to size 20.73593pt on input line 17.
LaTeX Font Info:    Font shape `TU/XBZar(1)/m/n' will be
(Font)              scaled to size 20.73593pt on input line 17.
LaTeX Font Info:    Font shape `TU/XBZar(1)/bx/n' in size <17.28> not available
(Font)              Font shape `TU/XBZar(1)/b/n' tried instead on input line 17.
LaTeX Font Info:    Font shape `TU/XBZar(1)/b/n' will be
(Font)              scaled to size 20.73593pt on input line 17.
LaTeX Font Info:    Font shape `TU/XBZar(1)/bx/n' in size <12> not available
(Font)              Font shape `TU/XBZar(1)/b/n' tried instead on input line 17.
LaTeX Font Info:    Font shape `TU/XBZar(1)/b/n' will be
(Font)              scaled to size 14.39996pt on input line 17.
LaTeX Font Info:    Font shape `TU/XBZar(1)/m/it' will be
(Font)              scaled to size 20.73593pt on input line 17.
LaTeX Font Info:    Font shape `TU/XBZar(1)/m/it' will be
(Font)              scaled to size 14.39996pt on input line 17.
LaTeX Font Info:    Font shape `TU/XBZar(0)/m/n' will be
(Font)              scaled to size 11.99997pt on input line 17.
LaTeX Font Info:    Font shape `TU/TimesNewRoman(0)/m/n' will be
(Font)              scaled to size 11.00006pt on input line 17.
LaTeX Font Info:    Font shape `TU/XBZar(1)/m/n' will be
(Font)              scaled to size 5.99998pt on input line 17.
LaTeX Font Info:    Font shape `TU/XBZar(1)/bx/n' in size <5> not available
(Font)              Font shape `TU/XBZar(1)/b/n' tried instead on input line 17.
LaTeX Font Info:    Font shape `TU/XBZar(1)/b/n' will be
(Font)              scaled to size 5.99998pt on input line 17.
LaTeX Font Info:    Font shape `TU/XBZar(1)/m/it' will be
(Font)              scaled to size 5.99998pt on input line 17.
LaTeX Font Info:    Font shape `TU/TimesNewRoman(0)/m/n' will be
(Font)              scaled to size 7.70004pt on input line 17.


Package hyperref Warning: Token not allowed in a PDF string (Unicode):
(hyperref)                removing `\@ifnextchar' on input line 17.

LaTeX Font Info:    Font shape `TU/XBZar(1)/m/n' will be
(Font)              scaled to size 9.59998pt on input line 19.
LaTeX Font Info:    Font shape `TU/XBZar(1)/m/n' will be
(Font)              scaled to size 7.19998pt on input line 19.
LaTeX Font Info:    Font shape `TU/XBZar(1)/bx/n' in size <8> not available
(Font)              Font shape `TU/XBZar(1)/b/n' tried instead on input line 19.
LaTeX Font Info:    Font shape `TU/XBZar(1)/b/n' will be
(Font)              scaled to size 9.59998pt on input line 19.
LaTeX Font Info:    Font shape `TU/XBZar(1)/bx/n' in size <6> not available
(Font)              Font shape `TU/XBZar(1)/b/n' tried instead on input line 19.
LaTeX Font Info:    Font shape `TU/XBZar(1)/b/n' will be
(Font)              scaled to size 7.19998pt on input line 19.
LaTeX Font Info:    Font shape `TU/XBZar(1)/m/it' will be
(Font)              scaled to size 9.59998pt on input line 19.
LaTeX Font Info:    Font shape `TU/XBZar(1)/m/it' will be
(Font)              scaled to size 7.19998pt on input line 19.
LaTeX Font Info:    Font shape `TU/XBZar(0)/m/n' will be
(Font)              scaled to size 9.59998pt on input line 19.

Overfull \hbox (3.96472pt too wide) in paragraph at lines 27--32
[]\TU/XBZar(0)/m/n/12 شده است و کارت‌هایی که هنوز مرتب نشده، یکی پس از دیگری در دستهٔ کارت‌های[]
 []

File: figs/sortingCards2.jpg Graphic file (type bmp)
<figs/sortingCards2.jpg>
LaTeX Font Info:    Font shape `TU/XBZar(0)/b/n' will be
(Font)              scaled to size 17.27994pt on input line 42.
LaTeX Font Info:    Font shape `TU/XBZar(0)/m/n' will be
(Font)              scaled to size 8.39998pt on input line 81.
[2]
Package hyperref Info: bookmark level for unknown algorithm defaults to 0 on input line 85.
LaTeX Font Info:    Font shape `TU/XBZar(0)/b/n' will be
(Font)              scaled to size 14.39996pt on input line 85.
LaTeX Font Info:    Font shape `TU/TimesNewRoman(0)/m/n' will be
(Font)              scaled to size 13.20007pt on input line 87.
LaTeX Font Info:    Font shape `TU/TimesNewRoman(0)/b/n' will be
(Font)              scaled to size 13.20007pt on input line 89.
LaTeX Font Info:    Font shape `TU/TimesNewRoman(0)/m/sc' will be
(Font)              scaled to size 13.20007pt on input line 89.
LaTeX Font Info:    Font shape `TU/XBZar(0)/m/it' will be
(Font)              scaled to size 14.39996pt on input line 105.
 [3]

Package hyperref Warning: Token not allowed in a PDF string (Unicode):
(hyperref)                removing `\@ifnextchar' on input line 140.

File: figs/selectionSort.jpg Graphic file (type bmp)
<figs/selectionSort.jpg>
[4] [5] (main.bbl
LaTeX Font Info:    Font shape `TU/TimesNewRoman(0)/m/it' will be
(Font)              scaled to size 13.20007pt on input line 10.
 [6]) [7] (main.aux)
Package rerunfilecheck Info: File `main.out' has not changed.
(rerunfilecheck)             Checksum: C97264BCFCBF5E3A38395C54F7AE816C;564.
 ) 
Here is how much of TeX's memory you used:
 17224 strings out of 411476
 351486 string characters out of 5819801
 1856001 words of memory out of 5000000
 37170 multiletter control sequences out of 15000+600000
 519330 words of font info for 123 fonts, out of 8000000 for 9000
 1348 hyphenation exceptions out of 8191
 92i,8n,94p,1082b,602s stack positions out of 10000i,1000n,20000p,200000b,200000s

Output written on main.xdv (7 pages, 62184 bytes).
